<?xml version="1.0" encoding="UTF-8"?>
<testng-results ignored="0" total="1" passed="1" failed="0" skipped="0">
  <reporter-output>
  </reporter-output>
  <suite started-at="2019-07-04T08:56:57Z" name="Default suite" finished-at="2019-07-04T08:56:57Z" duration-ms="119">
    <groups>
    </groups>
    <test started-at="2019-07-04T08:56:57Z" name="Default test" finished-at="2019-07-04T08:56:57Z" duration-ms="119">
      <class name="NewTest">
        <test-method is-config="true" signature="beforeTest()[pri:0, instance:NewTest@3c947bc5]" started-at="2019-07-04T08:56:57Z" name="beforeTest" finished-at="2019-07-04T08:56:57Z" duration-ms="39" status="PASS">
          <reporter-output>
          </reporter-output>
        </test-method> <!-- beforeTest -->
        <test-method signature="f()[pri:0, instance:NewTest@3c947bc5]" started-at="2019-07-04T08:56:57Z" name="f" finished-at="2019-07-04T08:56:57Z" duration-ms="10" status="PASS">
          <reporter-output>
          </reporter-output>
        </test-method> <!-- f -->
        <test-method is-config="true" signature="afterTest()[pri:0, instance:NewTest@3c947bc5]" started-at="2019-07-04T08:56:57Z" name="afterTest" finished-at="2019-07-04T08:56:57Z" duration-ms="0" status="PASS">
          <reporter-output>
          </reporter-output>
        </test-method> <!-- afterTest -->
      </class> <!-- NewTest -->
    </test> <!-- Default test -->
  </suite> <!-- Default suite -->
</testng-results>
